{
  "RSpec": {
    "coverage": {
      "/root/nshulkin3300project/app/models/user.rb": {
        "lines": [
          1,
          null,
          null,
          1,
          null,
          null
        ]
      },
      "/root/nshulkin3300project/app/models/application_record.rb": {
        "lines": [
          1,
          1,
          null
        ]
      },
      "/root/nshulkin3300project/app/helpers/application_helper.rb": {
        "lines": [
          1,
          null
        ]
      },
      "/root/nshulkin3300project/app/helpers/post_helper.rb": {
        "lines": [
          1,
          null
        ]
      },
      "/root/nshulkin3300project/app/helpers/posts_helper.rb": {
        "lines": [
          1,
          null
        ]
      },
      "/root/nshulkin3300project/app/helpers/welcome_helper.rb": {
        "lines": [
          1,
          null
        ]
      },
      "/root/nshulkin3300project/app/controllers/posts_controller.rb": {
        "lines": [
          1,
          null,
          null,
          1,
          4,
          null,
          null,
          null,
          1,
          2,
          2,
          null,
          null,
          1,
          2,
          null,
          2,
          1,
          null,
          1,
          null,
          null,
          null,
          1,
          3,
          null,
          null,
          1,
          3,
          null,
          3,
          1,
          null,
          2,
          null,
          null,
          null,
          1,
          1,
          1,
          1,
          null,
          null,
          1,
          3,
          null,
          null,
          1,
          1,
          0,
          null,
          null
        ]
      },
      "/root/nshulkin3300project/app/controllers/application_controller.rb": {
        "lines": [
          1,
          1,
          null,
          null,
          null
        ]
      },
      "/root/nshulkin3300project/app/models/post.rb": {
        "lines": [
          1,
          1,
          null
        ]
      },
      "/root/nshulkin3300project/app/mailers/application_mailer.rb": {
        "lines": [
          0,
          0,
          0,
          0
        ],
        "branches": {
        }
      },
      "/root/nshulkin3300project/app/jobs/application_job.rb": {
        "lines": [
          0,
          0
        ],
        "branches": {
        }
      },
      "/root/nshulkin3300project/app/channels/application_cable/connection.rb": {
        "lines": [
          0,
          0,
          0,
          0
        ],
        "branches": {
        }
      },
      "/root/nshulkin3300project/app/channels/application_cable/channel.rb": {
        "lines": [
          0,
          0,
          0,
          0
        ],
        "branches": {
        }
      },
      "/root/nshulkin3300project/app/controllers/welcome_controller.rb": {
        "lines": [
          0,
          0,
          0,
          0
        ],
        "branches": {
        }
      }
    },
    "timestamp": 1619720933
  }
}
